\BOOKMARK [0][-]{chapter*.2}{List of Figures}{}% 1
\BOOKMARK [0][-]{chapter.1}{Introduction}{}% 2
\BOOKMARK [1][-]{section.1.1}{Problem Statement}{chapter.1}% 3
\BOOKMARK [1][-]{section.1.2}{Scope of the Project}{chapter.1}% 4
\BOOKMARK [1][-]{section.1.3}{Aims and Objectives}{chapter.1}% 5
\BOOKMARK [1][-]{section.1.4}{Use Case \205 \046Facts}{chapter.1}% 6
\BOOKMARK [1][-]{section.1.5}{Internship}{chapter.1}% 7
\BOOKMARK [1][-]{section.1.6}{Dissertation Structure}{chapter.1}% 8
\BOOKMARK [0][-]{chapter.2}{Literature Review}{}% 9
\BOOKMARK [1][-]{section.2.1}{Market Research Platform}{chapter.2}% 10
\BOOKMARK [1][-]{section.2.2}{Data Extraction, Integration and Processing and Storage}{chapter.2}% 11
\BOOKMARK [1][-]{section.2.3}{AI, ML and Big Data}{chapter.2}% 12
\BOOKMARK [2][-]{subsection.2.3.1}{Supervised learning}{section.2.3}% 13
\BOOKMARK [2][-]{subsection.2.3.2}{Unsupervised learning}{section.2.3}% 14
\BOOKMARK [2][-]{subsection.2.3.3}{Reinforcement learning}{section.2.3}% 15
\BOOKMARK [1][-]{section.2.4}{ML workflow}{chapter.2}% 16
\BOOKMARK [2][-]{subsection.2.4.1}{Data aggregation}{section.2.4}% 17
\BOOKMARK [2][-]{subsection.2.4.2}{Data cleaning}{section.2.4}% 18
\BOOKMARK [2][-]{subsection.2.4.3}{Data processing}{section.2.4}% 19
\BOOKMARK [2][-]{subsection.2.4.4}{Data analysis}{section.2.4}% 20
\BOOKMARK [2][-]{subsection.2.4.5}{Evaluation}{section.2.4}% 21
\BOOKMARK [1][-]{section.2.5}{Tools and Techniques}{chapter.2}% 22
\BOOKMARK [2][-]{subsection.2.5.1}{Aurelia}{section.2.5}% 23
\BOOKMARK [2][-]{subsection.2.5.2}{Django}{section.2.5}% 24
\BOOKMARK [2][-]{subsection.2.5.3}{Spark}{section.2.5}% 25
\BOOKMARK [2][-]{subsection.2.5.4}{Docker}{section.2.5}% 26
\BOOKMARK [2][-]{subsection.2.5.5}{Query optimization through hashing}{section.2.5}% 27
\BOOKMARK [0][-]{chapter.3}{Development methodology}{}% 28
\BOOKMARK [1][-]{section.3.1}{System Architecture}{chapter.3}% 29
\BOOKMARK [1][-]{section.3.2}{Functional and Technical User Stories}{chapter.3}% 30
\BOOKMARK [0][-]{chapter.4}{Planning}{}% 31
\BOOKMARK [1][-]{section.4.1}{Life-cycle model}{chapter.4}% 32
\BOOKMARK [1][-]{section.4.2}{Gantt chart}{chapter.4}% 33
\BOOKMARK [0][-]{chapter*.11}{Bibliography}{}% 34
\BOOKMARK [0][-]{section*.12}{Appendices}{}% 35
\BOOKMARK [0][-]{appendix.1.A}{Glossary}{}% 36
